23:14:30.359 skipping bootstrap configuration: could not find or read file: classpath:karate-config.js
23:14:30.674 request:
1 > POST http://dummy.restapiexample.com/api/v1/create
1 > Accept-Encoding: gzip,deflate
1 > Connection: Keep-Alive
1 > Content-Length: 43
1 > Content-Type: application/json; charset=UTF-8
1 > Host: dummy.restapiexample.com
1 > User-Agent: Apache-HttpClient/4.5.11 (Java/1.8.0_181)
{"name":"Yogesh","salary":"123","age":"23"}

23:14:32.145 response time in milliseconds: 1469.38
1 < 200
1 < Cache-Control: no-cache, private, max-age=31536000
1 < Content-Length: 130
1 < Content-Type: application/json
1 < Date: Sun, 07 Feb 2021 17:44:06 GMT
1 < Display: staticcontent_sol
1 < Expires: Mon, 07 Feb 2022 17:44:06 GMT
1 < Host-Header: c2hhcmVkLmJsdWVob3N0LmNvbQ==
1 < Referrer-Policy: 
1 < Response: 200
1 < Server: nginx/1.16.0
1 < Vary: [Accept-Encoding, Accept-Encoding,Origin]
1 < X-Ezoic-Cdn: Miss
1 < X-Middleton-Display: staticcontent_sol
1 < X-Middleton-Response: 200
1 < X-Ratelimit-Limit: 60
1 < X-Ratelimit-Remaining: 58
1 < X-Sol: pub_site
{"status":"success","data":{"name":"Yogesh","salary":"123","age":"23","id":3280},"message":"Successfully! Record has been added."}

23:14:32.276 skipping bootstrap configuration: could not find or read file: classpath:karate-config.js
23:14:32.284 request:
1 > GET http://dummy.restapiexample.com/api/v1/employees
1 > Accept-Encoding: gzip,deflate
1 > Connection: Keep-Alive
1 > Host: dummy.restapiexample.com
1 > User-Agent: Apache-HttpClient/4.5.11 (Java/1.8.0_181)

23:14:33.241 response time in milliseconds: 955.42
1 < 200
1 < Cache-Control: no-cache, private, max-age=31536000
1 < Content-Type: application/json
1 < Date: Sun, 07 Feb 2021 17:44:07 GMT
1 < Display: staticcontent_sol
1 < Expires: Mon, 07 Feb 2022 17:44:07 GMT
1 < Host-Header: c2hhcmVkLmJsdWVob3N0LmNvbQ==
1 < Referrer-Policy: 
1 < Response: 200
1 < Server: nginx/1.16.0
1 < Vary: [Accept-Encoding, Accept-Encoding,User-Agent,Origin]
1 < X-Ezoic-Cdn: Miss
1 < X-Middleton-Display: staticcontent_sol
1 < X-Middleton-Response: 200
1 < X-Ratelimit-Limit: 60
1 < X-Ratelimit-Remaining: 58
1 < X-Sol: pub_site
{"status":"success","data":[{"id":1,"employee_name":"Tiger Nixon","employee_salary":320800,"employee_age":61,"profile_image":""},{"id":2,"employee_name":"Garrett Winters","employee_salary":170750,"employee_age":63,"profile_image":""},{"id":3,"employee_name":"Ashton Cox","employee_salary":86000,"employee_age":66,"profile_image":""},{"id":4,"employee_name":"Cedric Kelly","employee_salary":433060,"employee_age":22,"profile_image":""},{"id":5,"employee_name":"Airi Satou","employee_salary":162700,"employee_age":33,"profile_image":""},{"id":6,"employee_name":"Brielle Williamson","employee_salary":372000,"employee_age":61,"profile_image":""},{"id":7,"employee_name":"Herrod Chandler","employee_salary":137500,"employee_age":59,"profile_image":""},{"id":8,"employee_name":"Rhona Davidson","employee_salary":327900,"employee_age":55,"profile_image":""},{"id":9,"employee_name":"Colleen Hurst","employee_salary":205500,"employee_age":39,"profile_image":""},{"id":10,"employee_name":"Sonya Frost","employee_salary":103600,"employee_age":23,"profile_image":""},{"id":11,"employee_name":"Jena Gaines","employee_salary":90560,"employee_age":30,"profile_image":""},{"id":12,"employee_name":"Quinn Flynn","employee_salary":342000,"employee_age":22,"profile_image":""},{"id":13,"employee_name":"Charde Marshall","employee_salary":470600,"employee_age":36,"profile_image":""},{"id":14,"employee_name":"Haley Kennedy","employee_salary":313500,"employee_age":43,"profile_image":""},{"id":15,"employee_name":"Tatyana Fitzpatrick","employee_salary":385750,"employee_age":19,"profile_image":""},{"id":16,"employee_name":"Michael Silva","employee_salary":198500,"employee_age":66,"profile_image":""},{"id":17,"employee_name":"Paul Byrd","employee_salary":725000,"employee_age":64,"profile_image":""},{"id":18,"employee_name":"Gloria Little","employee_salary":237500,"employee_age":59,"profile_image":""},{"id":19,"employee_name":"Bradley Greer","employee_salary":132000,"employee_age":41,"profile_image":""},{"id":20,"employee_name":"Dai Rios","employee_salary":217500,"employee_age":35,"profile_image":""},{"id":21,"employee_name":"Jenette Caldwell","employee_salary":345000,"employee_age":30,"profile_image":""},{"id":22,"employee_name":"Yuri Berry","employee_salary":675000,"employee_age":40,"profile_image":""},{"id":23,"employee_name":"Caesar Vance","employee_salary":106450,"employee_age":21,"profile_image":""},{"id":24,"employee_name":"Doris Wilder","employee_salary":85600,"employee_age":23,"profile_image":""}],"message":"Successfully! All records has been fetched."}

23:14:33.251 skipping bootstrap configuration: could not find or read file: classpath:karate-config.js
23:14:33.256 request:
1 > POST http://dummy.restapiexample.com/api/v1/create
1 > Accept-Encoding: gzip,deflate
1 > Connection: Keep-Alive
1 > Content-Length: 43
1 > Content-Type: application/json; charset=UTF-8
1 > Host: dummy.restapiexample.com
1 > User-Agent: Apache-HttpClient/4.5.11 (Java/1.8.0_181)
{"name":"Yogesh","salary":"123","age":"23"}

23:14:34.201 response time in milliseconds: 943.90
1 < 200
1 < Cache-Control: no-cache, private, max-age=31536000
1 < Content-Length: 129
1 < Content-Type: application/json
1 < Date: Sun, 07 Feb 2021 17:44:08 GMT
1 < Display: staticcontent_sol
1 < Expires: Mon, 07 Feb 2022 17:44:08 GMT
1 < Host-Header: c2hhcmVkLmJsdWVob3N0LmNvbQ==
1 < Referrer-Policy: 
1 < Response: 200
1 < Server: nginx/1.16.0
1 < Vary: [Accept-Encoding, Accept-Encoding,Origin]
1 < X-Ezoic-Cdn: Miss
1 < X-Middleton-Display: staticcontent_sol
1 < X-Middleton-Response: 200
1 < X-Ratelimit-Limit: 60
1 < X-Ratelimit-Remaining: 58
1 < X-Sol: pub_site
{"status":"success","data":{"name":"Yogesh","salary":"123","age":"23","id":278},"message":"Successfully! Record has been added."}

23:14:34.209 skipping bootstrap configuration: could not find or read file: classpath:karate-config.js
23:14:34.215 request:
1 > GET http://dummy.restapiexample.com/api/v1/employee/10
1 > Accept-Encoding: gzip,deflate
1 > Connection: Keep-Alive
1 > Host: dummy.restapiexample.com
1 > User-Agent: Apache-HttpClient/4.5.11 (Java/1.8.0_181)

23:14:35.139 response time in milliseconds: 923.64
1 < 200
1 < Cache-Control: no-cache, private, max-age=31536000
1 < Content-Length: 180
1 < Content-Type: application/json
1 < Date: Sun, 07 Feb 2021 17:44:09 GMT
1 < Display: staticcontent_sol
1 < Expires: Mon, 07 Feb 2022 17:44:09 GMT
1 < Host-Header: c2hhcmVkLmJsdWVob3N0LmNvbQ==
1 < Referrer-Policy: 
1 < Response: 200
1 < Server: nginx/1.16.0
1 < Vary: [Accept-Encoding, Accept-Encoding,User-Agent,Origin]
1 < X-Ezoic-Cdn: Miss
1 < X-Middleton-Display: staticcontent_sol
1 < X-Middleton-Response: 200
1 < X-Ratelimit-Limit: 60
1 < X-Ratelimit-Remaining: 58
1 < X-Sol: pub_site
{"status":"success","data":{"id":10,"employee_name":"Sonya Frost","employee_salary":103600,"employee_age":23,"profile_image":""},"message":"Successfully! Record has been fetched."}

23:14:35.148 skipping bootstrap configuration: could not find or read file: classpath:karate-config.js
23:14:35.154 request:
1 > PUT http://dummy.restapiexample.com/api/v1/update/10
1 > Accept-Encoding: gzip,deflate
1 > Connection: Keep-Alive
1 > Content-Length: 43
1 > Content-Type: application/json; charset=UTF-8
1 > Host: dummy.restapiexample.com
1 > User-Agent: Apache-HttpClient/4.5.11 (Java/1.8.0_181)
{"name":"Vineet","salary":"123","age":"23"}

23:14:36.029 response time in milliseconds: 873.95
1 < 200
1 < Cache-Control: no-cache, private, max-age=31536000
1 < Content-Length: 122
1 < Content-Type: application/json
1 < Date: Sun, 07 Feb 2021 17:44:10 GMT
1 < Display: staticcontent_sol
1 < Expires: Mon, 07 Feb 2022 17:44:10 GMT
1 < Host-Header: c2hhcmVkLmJsdWVob3N0LmNvbQ==
1 < Referrer-Policy: 
1 < Response: 200
1 < Server: nginx/1.16.0
1 < Vary: [Accept-Encoding, Accept-Encoding,Origin]
1 < X-Ezoic-Cdn: Miss
1 < X-Middleton-Display: staticcontent_sol
1 < X-Middleton-Response: 200
1 < X-Ratelimit-Limit: 60
1 < X-Ratelimit-Remaining: 58
1 < X-Sol: pub_site
{"status":"success","data":{"name":"Vineet","salary":"123","age":"23"},"message":"Successfully! Record has been updated."}

23:14:36.036 skipping bootstrap configuration: could not find or read file: classpath:karate-config.js
23:14:36.043 request:
1 > GET http://dummy.restapiexample.com/api/v1/delete/10
1 > Accept-Encoding: gzip,deflate
1 > Connection: Keep-Alive
1 > Host: dummy.restapiexample.com
1 > User-Agent: Apache-HttpClient/4.5.11 (Java/1.8.0_181)

23:14:36.876 response time in milliseconds: 832.45
1 < 404
1 < Content-Length: 77
1 < Content-Type: application/json
1 < Date: Sun, 07 Feb 2021 17:44:11 GMT
1 < Display: staticcontent_sol
1 < Expires: Sat, 06 Feb 2021 17:44:11 GMT
1 < Host-Header: c2hhcmVkLmJsdWVob3N0LmNvbQ==
1 < Referrer-Policy: 
1 < Response: 404
1 < Server: nginx/1.16.0
1 < Vary: [Accept-Encoding, Accept-Encoding,User-Agent,Origin]
1 < X-Ezoic-Cdn: Miss
1 < X-Middleton-Display: staticcontent_sol
1 < X-Middleton-Response: 404
1 < X-Ratelimit-Limit: 60
1 < X-Ratelimit-Remaining: 57
1 < X-Sol: pub_site
{"message":"Error Occured! Page Not found, contact rstapi2example@gmail.com"}

23:14:36.876 status code was: 404, expected: 200, response time: 832, url: http://dummy.restapiexample.com/api/v1/delete/10, response: {"message":"Error Occured! Page Not found, contact rstapi2example@gmail.com"}
